2023-12-18 10:21:01,838 - DEBUG - Starting debug log
2023-12-18 10:21:01,963 - DEBUG - $$$$$$$$$$ PREPARING $$$$$$$$$$
2023-12-18 10:21:03,262 - WARNING - <http://value.org/type> does not look like a valid URI, trying to serialize this will break.
2023-12-18 10:21:03,262 - WARNING - <http://value.org/fact> does not look like a valid URI, trying to serialize this will break.
2023-12-18 10:21:03,321 - WARNING - <http://value.org/type> does not look like a valid URI, trying to serialize this will break.
2023-12-18 10:21:03,321 - WARNING - <http://value.org/inference> does not look like a valid URI, trying to serialize this will break.
2023-12-18 10:21:03,323 - WARNING - <http://value.org/type> does not look like a valid URI, trying to serialize this will break.
2023-12-18 10:21:03,323 - WARNING - <http://value.org/rule> does not look like a valid URI, trying to serialize this will break.
2023-12-18 10:21:03,326 - WARNING - <http://value.org/left_side> does not look like a valid URI, trying to serialize this will break.
2023-12-18 10:21:03,330 - WARNING - <http://value.org/left_side> does not look like a valid URI, trying to serialize this will break.
2023-12-18 10:21:03,334 - WARNING - <http://value.org/left_side> does not look like a valid URI, trying to serialize this will break.
2023-12-18 10:21:03,339 - WARNING - <http://value.org/left_side> does not look like a valid URI, trying to serialize this will break.
2023-12-18 10:21:03,343 - WARNING - <http://value.org/left_side> does not look like a valid URI, trying to serialize this will break.
2023-12-18 10:21:03,348 - WARNING - <http://value.org/left_side> does not look like a valid URI, trying to serialize this will break.
2023-12-18 10:21:03,352 - WARNING - <http://value.org/left_side> does not look like a valid URI, trying to serialize this will break.
2023-12-18 10:21:03,356 - WARNING - <http://value.org/type> does not look like a valid URI, trying to serialize this will break.
2023-12-18 10:21:03,356 - WARNING - <http://value.org/control> does not look like a valid URI, trying to serialize this will break.
2023-12-18 10:21:03,356 - WARNING - <http://value.org/priority> does not look like a valid URI, trying to serialize this will break.
2023-12-18 10:21:03,364 - WARNING - <http://value.org/left_side> does not look like a valid URI, trying to serialize this will break.
2023-12-18 10:21:03,369 - WARNING - <http://value.org/right_side> does not look like a valid URI, trying to serialize this will break.
2023-12-18 10:21:03,369 - WARNING - <http://value.org/child> does not look like a valid URI, trying to serialize this will break.
2023-12-18 10:21:03,369 - WARNING - <http://value.org/priority> does not look like a valid URI, trying to serialize this will break.
2023-12-18 10:21:03,382 - WARNING - <http://value.org/left_side> does not look like a valid URI, trying to serialize this will break.
2023-12-18 10:21:03,388 - WARNING - <http://value.org/right_side> does not look like a valid URI, trying to serialize this will break.
2023-12-18 10:21:03,388 - WARNING - <http://value.org/child> does not look like a valid URI, trying to serialize this will break.
2023-12-18 10:21:03,388 - WARNING - <http://value.org/priority> does not look like a valid URI, trying to serialize this will break.
2023-12-18 10:21:03,396 - WARNING - <http://value.org/left_side> does not look like a valid URI, trying to serialize this will break.
2023-12-18 10:21:03,401 - WARNING - <http://value.org/right_side> does not look like a valid URI, trying to serialize this will break.
2023-12-18 10:21:03,401 - WARNING - <http://value.org/child> does not look like a valid URI, trying to serialize this will break.
2023-12-18 10:21:03,401 - WARNING - <http://value.org/priority> does not look like a valid URI, trying to serialize this will break.
2023-12-18 10:21:03,407 - WARNING - <http://value.org/left_side> does not look like a valid URI, trying to serialize this will break.
2023-12-18 10:21:03,411 - WARNING - <http://value.org/right_side> does not look like a valid URI, trying to serialize this will break.
2023-12-18 10:21:03,412 - WARNING - <http://value.org/child> does not look like a valid URI, trying to serialize this will break.
2023-12-18 10:21:03,412 - WARNING - <http://value.org/priority> does not look like a valid URI, trying to serialize this will break.
2023-12-18 10:21:03,423 - WARNING - <http://value.org/left_side> does not look like a valid URI, trying to serialize this will break.
2023-12-18 10:21:03,428 - WARNING - <http://value.org/right_side> does not look like a valid URI, trying to serialize this will break.
2023-12-18 10:21:03,428 - WARNING - <http://value.org/child> does not look like a valid URI, trying to serialize this will break.
2023-12-18 10:21:03,428 - WARNING - <http://value.org/priority> does not look like a valid URI, trying to serialize this will break.
2023-12-18 10:21:03,437 - WARNING - <http://value.org/left_side> does not look like a valid URI, trying to serialize this will break.
2023-12-18 10:21:03,441 - WARNING - <http://value.org/right_side> does not look like a valid URI, trying to serialize this will break.
2023-12-18 10:21:03,441 - WARNING - <http://value.org/child> does not look like a valid URI, trying to serialize this will break.
2023-12-18 10:21:03,441 - WARNING - <http://value.org/priority> does not look like a valid URI, trying to serialize this will break.
2023-12-18 10:21:03,452 - WARNING - <http://value.org/left_side> does not look like a valid URI, trying to serialize this will break.
2023-12-18 10:21:03,457 - WARNING - <http://value.org/right_side> does not look like a valid URI, trying to serialize this will break.
2023-12-18 10:21:03,457 - WARNING - <http://value.org/child> does not look like a valid URI, trying to serialize this will break.
2023-12-18 10:21:03,457 - WARNING - <http://value.org/priority> does not look like a valid URI, trying to serialize this will break.
2023-12-18 10:21:03,464 - WARNING - <http://value.org/left_side> does not look like a valid URI, trying to serialize this will break.
2023-12-18 10:21:03,469 - WARNING - <http://value.org/right_side> does not look like a valid URI, trying to serialize this will break.
2023-12-18 10:21:03,469 - WARNING - <http://value.org/child> does not look like a valid URI, trying to serialize this will break.
2023-12-18 10:21:03,469 - WARNING - <http://value.org/priority> does not look like a valid URI, trying to serialize this will break.
2023-12-18 10:21:03,482 - WARNING - <http://value.org/left_side> does not look like a valid URI, trying to serialize this will break.
2023-12-18 10:21:03,487 - WARNING - <http://value.org/right_side> does not look like a valid URI, trying to serialize this will break.
2023-12-18 10:21:03,487 - WARNING - <http://value.org/child> does not look like a valid URI, trying to serialize this will break.
2023-12-18 10:21:03,487 - WARNING - <http://value.org/priority> does not look like a valid URI, trying to serialize this will break.
2023-12-18 10:21:03,495 - WARNING - <http://value.org/left_side> does not look like a valid URI, trying to serialize this will break.
2023-12-18 10:21:03,500 - WARNING - <http://value.org/right_side> does not look like a valid URI, trying to serialize this will break.
2023-12-18 10:21:03,500 - WARNING - <http://value.org/child> does not look like a valid URI, trying to serialize this will break.
2023-12-18 10:21:03,500 - WARNING - <http://value.org/priority> does not look like a valid URI, trying to serialize this will break.
2023-12-18 10:21:03,514 - WARNING - <http://value.org/left_side> does not look like a valid URI, trying to serialize this will break.
2023-12-18 10:21:03,518 - WARNING - <http://value.org/right_side> does not look like a valid URI, trying to serialize this will break.
2023-12-18 10:21:03,519 - WARNING - <http://value.org/child> does not look like a valid URI, trying to serialize this will break.
2023-12-18 10:21:03,519 - WARNING - <http://value.org/priority> does not look like a valid URI, trying to serialize this will break.
2023-12-18 10:21:03,527 - WARNING - <http://value.org/left_side> does not look like a valid URI, trying to serialize this will break.
2023-12-18 10:21:03,532 - WARNING - <http://value.org/right_side> does not look like a valid URI, trying to serialize this will break.
2023-12-18 10:21:03,532 - WARNING - <http://value.org/child> does not look like a valid URI, trying to serialize this will break.
2023-12-18 10:21:03,532 - WARNING - <http://value.org/priority> does not look like a valid URI, trying to serialize this will break.
2023-12-18 10:21:03,541 - WARNING - <http://value.org/left_side> does not look like a valid URI, trying to serialize this will break.
2023-12-18 10:21:03,545 - WARNING - <http://value.org/right_side> does not look like a valid URI, trying to serialize this will break.
2023-12-18 10:21:03,545 - WARNING - <http://value.org/child> does not look like a valid URI, trying to serialize this will break.
2023-12-18 10:21:03,545 - WARNING - <http://value.org/priority> does not look like a valid URI, trying to serialize this will break.
2023-12-18 10:21:03,554 - WARNING - <http://value.org/left_side> does not look like a valid URI, trying to serialize this will break.
2023-12-18 10:21:03,559 - WARNING - <http://value.org/right_side> does not look like a valid URI, trying to serialize this will break.
2023-12-18 10:21:03,559 - WARNING - <http://value.org/child> does not look like a valid URI, trying to serialize this will break.
2023-12-18 10:21:03,559 - WARNING - <http://value.org/priority> does not look like a valid URI, trying to serialize this will break.
2023-12-18 10:21:03,567 - WARNING - <http://value.org/left_side> does not look like a valid URI, trying to serialize this will break.
2023-12-18 10:21:03,572 - WARNING - <http://value.org/right_side> does not look like a valid URI, trying to serialize this will break.
2023-12-18 10:21:03,572 - WARNING - <http://value.org/child> does not look like a valid URI, trying to serialize this will break.
2023-12-18 10:21:03,572 - WARNING - <http://value.org/priority> does not look like a valid URI, trying to serialize this will break.
2023-12-18 10:21:03,597 - WARNING - <http://value.org/left_side> does not look like a valid URI, trying to serialize this will break.
2023-12-18 10:21:03,602 - WARNING - <http://value.org/right_side> does not look like a valid URI, trying to serialize this will break.
2023-12-18 10:21:03,602 - WARNING - <http://value.org/child> does not look like a valid URI, trying to serialize this will break.
2023-12-18 10:21:03,602 - WARNING - <http://value.org/priority> does not look like a valid URI, trying to serialize this will break.
2023-12-18 10:21:03,610 - WARNING - <http://value.org/left_side> does not look like a valid URI, trying to serialize this will break.
2023-12-18 10:21:03,615 - WARNING - <http://value.org/right_side> does not look like a valid URI, trying to serialize this will break.
2023-12-18 10:21:03,615 - WARNING - <http://value.org/child> does not look like a valid URI, trying to serialize this will break.
2023-12-18 10:21:03,615 - WARNING - <http://value.org/priority> does not look like a valid URI, trying to serialize this will break.
2023-12-18 10:21:03,629 - WARNING - <http://value.org/left_side> does not look like a valid URI, trying to serialize this will break.
2023-12-18 10:21:03,634 - WARNING - <http://value.org/right_side> does not look like a valid URI, trying to serialize this will break.
2023-12-18 10:21:03,634 - WARNING - <http://value.org/child> does not look like a valid URI, trying to serialize this will break.
2023-12-18 10:21:03,634 - WARNING - <http://value.org/priority> does not look like a valid URI, trying to serialize this will break.
2023-12-18 10:21:03,645 - WARNING - <http://value.org/left_side> does not look like a valid URI, trying to serialize this will break.
2023-12-18 10:21:03,649 - WARNING - <http://value.org/right_side> does not look like a valid URI, trying to serialize this will break.
2023-12-18 10:21:03,650 - WARNING - <http://value.org/child> does not look like a valid URI, trying to serialize this will break.
2023-12-18 10:21:03,650 - WARNING - <http://value.org/priority> does not look like a valid URI, trying to serialize this will break.
2023-12-18 10:21:03,663 - WARNING - <http://value.org/left_side> does not look like a valid URI, trying to serialize this will break.
2023-12-18 10:21:03,668 - WARNING - <http://value.org/right_side> does not look like a valid URI, trying to serialize this will break.
2023-12-18 10:21:03,668 - WARNING - <http://value.org/child> does not look like a valid URI, trying to serialize this will break.
2023-12-18 10:21:03,668 - WARNING - <http://value.org/priority> does not look like a valid URI, trying to serialize this will break.
2023-12-18 10:21:03,684 - WARNING - <http://value.org/left_side> does not look like a valid URI, trying to serialize this will break.
2023-12-18 10:21:03,689 - WARNING - <http://value.org/right_side> does not look like a valid URI, trying to serialize this will break.
2023-12-18 10:21:03,689 - WARNING - <http://value.org/child> does not look like a valid URI, trying to serialize this will break.
2023-12-18 10:21:03,689 - WARNING - <http://value.org/priority> does not look like a valid URI, trying to serialize this will break.
2023-12-18 10:21:03,698 - WARNING - <http://value.org/left_side> does not look like a valid URI, trying to serialize this will break.
2023-12-18 10:21:03,703 - WARNING - <http://value.org/right_side> does not look like a valid URI, trying to serialize this will break.
2023-12-18 10:21:03,703 - WARNING - <http://value.org/child> does not look like a valid URI, trying to serialize this will break.
2023-12-18 10:21:03,703 - WARNING - <http://value.org/priority> does not look like a valid URI, trying to serialize this will break.
2023-12-18 10:21:03,719 - WARNING - <http://value.org/type> does not look like a valid URI, trying to serialize this will break.
2023-12-18 10:21:03,719 - WARNING - <http://value.org/application> does not look like a valid URI, trying to serialize this will break.
2023-12-18 10:21:03,719 - WARNING - <http://value.org/priority> does not look like a valid URI, trying to serialize this will break.
2023-12-18 10:21:03,725 - WARNING - <http://value.org/pattern> does not look like a valid URI, trying to serialize this will break.
2023-12-18 10:21:03,725 - WARNING - <http://value.org/program> does not look like a valid URI, trying to serialize this will break.
2023-12-18 10:21:03,731 - WARNING - <http://value.org/use> does not look like a valid URI, trying to serialize this will break.
2023-12-18 10:21:03,731 - WARNING - <http://value.org/control> does not look like a valid URI, trying to serialize this will break.
2023-12-18 10:21:03,732 - WARNING - <http://value.org/priority> does not look like a valid URI, trying to serialize this will break.
2023-12-18 10:21:03,737 - WARNING - <http://value.org/left_side> does not look like a valid URI, trying to serialize this will break.
2023-12-18 10:21:03,742 - WARNING - <http://value.org/right_side> does not look like a valid URI, trying to serialize this will break.
2023-12-18 10:21:03,742 - WARNING - <http://value.org/child> does not look like a valid URI, trying to serialize this will break.
2023-12-18 10:21:03,743 - WARNING - <http://value.org/priority> does not look like a valid URI, trying to serialize this will break.
2023-12-18 10:21:03,750 - WARNING - <http://value.org/left_side> does not look like a valid URI, trying to serialize this will break.
2023-12-18 10:21:03,755 - WARNING - <http://value.org/right_side> does not look like a valid URI, trying to serialize this will break.
2023-12-18 10:21:03,755 - WARNING - <http://value.org/child> does not look like a valid URI, trying to serialize this will break.
2023-12-18 10:21:03,755 - WARNING - <http://value.org/priority> does not look like a valid URI, trying to serialize this will break.
2023-12-18 10:21:03,768 - WARNING - <http://value.org/pattern> does not look like a valid URI, trying to serialize this will break.
2023-12-18 10:21:03,768 - WARNING - <http://value.org/program> does not look like a valid URI, trying to serialize this will break.
2023-12-18 10:21:03,774 - WARNING - <http://value.org/use> does not look like a valid URI, trying to serialize this will break.
2023-12-18 10:21:03,774 - WARNING - <http://value.org/control> does not look like a valid URI, trying to serialize this will break.
2023-12-18 10:21:03,774 - WARNING - <http://value.org/priority> does not look like a valid URI, trying to serialize this will break.
2023-12-18 10:21:03,780 - WARNING - <http://value.org/left_side> does not look like a valid URI, trying to serialize this will break.
2023-12-18 10:21:03,785 - WARNING - <http://value.org/right_side> does not look like a valid URI, trying to serialize this will break.
2023-12-18 10:21:03,785 - WARNING - <http://value.org/child> does not look like a valid URI, trying to serialize this will break.
2023-12-18 10:21:03,785 - WARNING - <http://value.org/priority> does not look like a valid URI, trying to serialize this will break.
2023-12-18 10:21:03,796 - WARNING - <http://value.org/left_side> does not look like a valid URI, trying to serialize this will break.
2023-12-18 10:21:03,800 - WARNING - <http://value.org/right_side> does not look like a valid URI, trying to serialize this will break.
2023-12-18 10:21:03,800 - WARNING - <http://value.org/child> does not look like a valid URI, trying to serialize this will break.
2023-12-18 10:21:03,800 - WARNING - <http://value.org/priority> does not look like a valid URI, trying to serialize this will break.
2023-12-18 10:21:03,808 - WARNING - <http://value.org/pattern> does not look like a valid URI, trying to serialize this will break.
2023-12-18 10:21:03,808 - WARNING - <http://value.org/program> does not look like a valid URI, trying to serialize this will break.
2023-12-18 10:21:03,815 - WARNING - <http://value.org/use> does not look like a valid URI, trying to serialize this will break.
2023-12-18 10:21:03,815 - WARNING - <http://value.org/control> does not look like a valid URI, trying to serialize this will break.
2023-12-18 10:21:03,815 - WARNING - <http://value.org/priority> does not look like a valid URI, trying to serialize this will break.
2023-12-18 10:21:03,821 - WARNING - <http://value.org/left_side> does not look like a valid URI, trying to serialize this will break.
2023-12-18 10:21:03,825 - WARNING - <http://value.org/right_side> does not look like a valid URI, trying to serialize this will break.
2023-12-18 10:21:03,825 - WARNING - <http://value.org/child> does not look like a valid URI, trying to serialize this will break.
2023-12-18 10:21:03,825 - WARNING - <http://value.org/priority> does not look like a valid URI, trying to serialize this will break.
2023-12-18 10:21:03,836 - WARNING - <http://value.org/pattern> does not look like a valid URI, trying to serialize this will break.
2023-12-18 10:21:03,836 - WARNING - <http://value.org/program> does not look like a valid URI, trying to serialize this will break.
2023-12-18 10:21:03,842 - WARNING - <http://value.org/use> does not look like a valid URI, trying to serialize this will break.
2023-12-18 10:21:03,842 - WARNING - <http://value.org/control> does not look like a valid URI, trying to serialize this will break.
2023-12-18 10:21:03,842 - WARNING - <http://value.org/priority> does not look like a valid URI, trying to serialize this will break.
2023-12-18 10:21:03,849 - WARNING - <http://value.org/left_side> does not look like a valid URI, trying to serialize this will break.
2023-12-18 10:21:03,854 - WARNING - <http://value.org/right_side> does not look like a valid URI, trying to serialize this will break.
2023-12-18 10:21:03,854 - WARNING - <http://value.org/child> does not look like a valid URI, trying to serialize this will break.
2023-12-18 10:21:03,854 - WARNING - <http://value.org/priority> does not look like a valid URI, trying to serialize this will break.
2023-12-18 10:21:03,859 - WARNING - <http://value.org/left_side> does not look like a valid URI, trying to serialize this will break.
2023-12-18 10:21:03,864 - WARNING - <http://value.org/right_side> does not look like a valid URI, trying to serialize this will break.
2023-12-18 10:21:03,864 - WARNING - <http://value.org/child> does not look like a valid URI, trying to serialize this will break.
2023-12-18 10:21:03,864 - WARNING - <http://value.org/priority> does not look like a valid URI, trying to serialize this will break.
2023-12-18 10:21:03,877 - WARNING - <http://value.org/pattern> does not look like a valid URI, trying to serialize this will break.
2023-12-18 10:21:03,877 - WARNING - <http://value.org/program> does not look like a valid URI, trying to serialize this will break.
2023-12-18 10:21:03,883 - WARNING - <http://value.org/use> does not look like a valid URI, trying to serialize this will break.
2023-12-18 10:21:03,883 - WARNING - <http://value.org/control> does not look like a valid URI, trying to serialize this will break.
2023-12-18 10:21:03,883 - WARNING - <http://value.org/priority> does not look like a valid URI, trying to serialize this will break.
2023-12-18 10:21:03,889 - WARNING - <http://value.org/left_side> does not look like a valid URI, trying to serialize this will break.
2023-12-18 10:21:03,893 - WARNING - <http://value.org/right_side> does not look like a valid URI, trying to serialize this will break.
2023-12-18 10:21:03,893 - WARNING - <http://value.org/child> does not look like a valid URI, trying to serialize this will break.
2023-12-18 10:21:03,894 - WARNING - <http://value.org/priority> does not look like a valid URI, trying to serialize this will break.
2023-12-18 10:21:03,902 - WARNING - <http://value.org/pattern> does not look like a valid URI, trying to serialize this will break.
2023-12-18 10:21:03,902 - WARNING - <http://value.org/program> does not look like a valid URI, trying to serialize this will break.
2023-12-18 10:21:03,907 - WARNING - <http://value.org/use> does not look like a valid URI, trying to serialize this will break.
2023-12-18 10:21:03,908 - WARNING - <http://value.org/control> does not look like a valid URI, trying to serialize this will break.
2023-12-18 10:21:03,908 - WARNING - <http://value.org/priority> does not look like a valid URI, trying to serialize this will break.
2023-12-18 10:21:03,913 - WARNING - <http://value.org/left_side> does not look like a valid URI, trying to serialize this will break.
2023-12-18 10:21:03,918 - WARNING - <http://value.org/right_side> does not look like a valid URI, trying to serialize this will break.
2023-12-18 10:21:03,918 - WARNING - <http://value.org/child> does not look like a valid URI, trying to serialize this will break.
2023-12-18 10:21:03,918 - WARNING - <http://value.org/priority> does not look like a valid URI, trying to serialize this will break.
2023-12-18 10:21:03,926 - WARNING - <http://value.org/left_side> does not look like a valid URI, trying to serialize this will break.
2023-12-18 10:21:03,931 - WARNING - <http://value.org/right_side> does not look like a valid URI, trying to serialize this will break.
2023-12-18 10:21:03,931 - WARNING - <http://value.org/child> does not look like a valid URI, trying to serialize this will break.
2023-12-18 10:21:03,931 - WARNING - <http://value.org/priority> does not look like a valid URI, trying to serialize this will break.
2023-12-18 10:21:03,941 - WARNING - <http://value.org/pattern> does not look like a valid URI, trying to serialize this will break.
2023-12-18 10:21:03,942 - WARNING - <http://value.org/program> does not look like a valid URI, trying to serialize this will break.
2023-12-18 10:21:03,948 - WARNING - <http://value.org/use> does not look like a valid URI, trying to serialize this will break.
2023-12-18 10:21:03,948 - WARNING - <http://value.org/control> does not look like a valid URI, trying to serialize this will break.
2023-12-18 10:21:03,948 - WARNING - <http://value.org/priority> does not look like a valid URI, trying to serialize this will break.
2023-12-18 10:21:03,954 - WARNING - <http://value.org/left_side> does not look like a valid URI, trying to serialize this will break.
2023-12-18 10:21:03,959 - WARNING - <http://value.org/right_side> does not look like a valid URI, trying to serialize this will break.
2023-12-18 10:21:03,959 - WARNING - <http://value.org/child> does not look like a valid URI, trying to serialize this will break.
2023-12-18 10:21:03,959 - WARNING - <http://value.org/priority> does not look like a valid URI, trying to serialize this will break.
2023-12-18 10:21:03,967 - WARNING - <http://value.org/left_side> does not look like a valid URI, trying to serialize this will break.
2023-12-18 10:21:03,972 - WARNING - <http://value.org/right_side> does not look like a valid URI, trying to serialize this will break.
2023-12-18 10:21:03,972 - WARNING - <http://value.org/child> does not look like a valid URI, trying to serialize this will break.
2023-12-18 10:21:03,972 - WARNING - <http://value.org/priority> does not look like a valid URI, trying to serialize this will break.
2023-12-18 10:21:03,985 - WARNING - <http://value.org/pattern> does not look like a valid URI, trying to serialize this will break.
2023-12-18 10:21:03,985 - WARNING - <http://value.org/program> does not look like a valid URI, trying to serialize this will break.
2023-12-18 10:21:03,991 - WARNING - <http://value.org/use> does not look like a valid URI, trying to serialize this will break.
2023-12-18 10:21:03,991 - WARNING - <http://value.org/control> does not look like a valid URI, trying to serialize this will break.
2023-12-18 10:21:03,991 - WARNING - <http://value.org/priority> does not look like a valid URI, trying to serialize this will break.
2023-12-18 10:21:03,997 - WARNING - <http://value.org/left_side> does not look like a valid URI, trying to serialize this will break.
2023-12-18 10:21:04,002 - WARNING - <http://value.org/right_side> does not look like a valid URI, trying to serialize this will break.
2023-12-18 10:21:04,002 - WARNING - <http://value.org/child> does not look like a valid URI, trying to serialize this will break.
2023-12-18 10:21:04,002 - WARNING - <http://value.org/priority> does not look like a valid URI, trying to serialize this will break.
2023-12-18 10:21:04,018 - WARNING - <http://value.org/pattern> does not look like a valid URI, trying to serialize this will break.
2023-12-18 10:21:04,018 - WARNING - <http://value.org/program> does not look like a valid URI, trying to serialize this will break.
2023-12-18 10:21:04,024 - WARNING - <http://value.org/use> does not look like a valid URI, trying to serialize this will break.
2023-12-18 10:21:04,024 - WARNING - <http://value.org/control> does not look like a valid URI, trying to serialize this will break.
2023-12-18 10:21:04,024 - WARNING - <http://value.org/priority> does not look like a valid URI, trying to serialize this will break.
2023-12-18 10:21:04,031 - WARNING - <http://value.org/left_side> does not look like a valid URI, trying to serialize this will break.
2023-12-18 10:21:04,036 - WARNING - <http://value.org/right_side> does not look like a valid URI, trying to serialize this will break.
2023-12-18 10:21:04,036 - WARNING - <http://value.org/child> does not look like a valid URI, trying to serialize this will break.
2023-12-18 10:21:04,036 - WARNING - <http://value.org/priority> does not look like a valid URI, trying to serialize this will break.
2023-12-18 10:21:04,044 - WARNING - <http://value.org/pattern> does not look like a valid URI, trying to serialize this will break.
2023-12-18 10:21:04,044 - WARNING - <http://value.org/program> does not look like a valid URI, trying to serialize this will break.
2023-12-18 10:21:04,051 - WARNING - <http://value.org/use> does not look like a valid URI, trying to serialize this will break.
2023-12-18 10:21:04,051 - WARNING - <http://value.org/control> does not look like a valid URI, trying to serialize this will break.
2023-12-18 10:21:04,051 - WARNING - <http://value.org/priority> does not look like a valid URI, trying to serialize this will break.
2023-12-18 10:21:04,057 - WARNING - <http://value.org/left_side> does not look like a valid URI, trying to serialize this will break.
2023-12-18 10:21:04,061 - WARNING - <http://value.org/right_side> does not look like a valid URI, trying to serialize this will break.
2023-12-18 10:21:04,061 - WARNING - <http://value.org/child> does not look like a valid URI, trying to serialize this will break.
2023-12-18 10:21:04,061 - WARNING - <http://value.org/priority> does not look like a valid URI, trying to serialize this will break.
2023-12-18 10:21:04,072 - WARNING - <http://value.org/left_side> does not look like a valid URI, trying to serialize this will break.
2023-12-18 10:21:04,076 - WARNING - <http://value.org/right_side> does not look like a valid URI, trying to serialize this will break.
2023-12-18 10:21:04,077 - WARNING - <http://value.org/child> does not look like a valid URI, trying to serialize this will break.
2023-12-18 10:21:04,077 - WARNING - <http://value.org/priority> does not look like a valid URI, trying to serialize this will break.
2023-12-18 10:21:04,085 - WARNING - <http://value.org/pattern> does not look like a valid URI, trying to serialize this will break.
2023-12-18 10:21:04,085 - WARNING - <http://value.org/program> does not look like a valid URI, trying to serialize this will break.
2023-12-18 10:21:04,091 - WARNING - <http://value.org/use> does not look like a valid URI, trying to serialize this will break.
2023-12-18 10:21:04,091 - WARNING - <http://value.org/control> does not look like a valid URI, trying to serialize this will break.
2023-12-18 10:21:04,091 - WARNING - <http://value.org/priority> does not look like a valid URI, trying to serialize this will break.
2023-12-18 10:21:04,097 - WARNING - <http://value.org/left_side> does not look like a valid URI, trying to serialize this will break.
2023-12-18 10:21:04,103 - WARNING - <http://value.org/right_side> does not look like a valid URI, trying to serialize this will break.
2023-12-18 10:21:04,103 - WARNING - <http://value.org/child> does not look like a valid URI, trying to serialize this will break.
2023-12-18 10:21:04,103 - WARNING - <http://value.org/priority> does not look like a valid URI, trying to serialize this will break.
2023-12-18 10:21:04,111 - WARNING - <http://value.org/pattern> does not look like a valid URI, trying to serialize this will break.
2023-12-18 10:21:04,111 - WARNING - <http://value.org/program> does not look like a valid URI, trying to serialize this will break.
2023-12-18 10:21:04,117 - WARNING - <http://value.org/use> does not look like a valid URI, trying to serialize this will break.
2023-12-18 10:21:04,117 - WARNING - <http://value.org/control> does not look like a valid URI, trying to serialize this will break.
2023-12-18 10:21:04,117 - WARNING - <http://value.org/priority> does not look like a valid URI, trying to serialize this will break.
2023-12-18 10:21:04,123 - WARNING - <http://value.org/left_side> does not look like a valid URI, trying to serialize this will break.
2023-12-18 10:21:04,127 - WARNING - <http://value.org/right_side> does not look like a valid URI, trying to serialize this will break.
2023-12-18 10:21:04,127 - WARNING - <http://value.org/child> does not look like a valid URI, trying to serialize this will break.
2023-12-18 10:21:04,127 - WARNING - <http://value.org/priority> does not look like a valid URI, trying to serialize this will break.
2023-12-18 10:21:04,143 - WARNING - <http://value.org/pattern> does not look like a valid URI, trying to serialize this will break.
2023-12-18 10:21:04,144 - WARNING - <http://value.org/program> does not look like a valid URI, trying to serialize this will break.
2023-12-18 10:21:04,150 - WARNING - <http://value.org/use> does not look like a valid URI, trying to serialize this will break.
2023-12-18 10:21:04,150 - WARNING - <http://value.org/control> does not look like a valid URI, trying to serialize this will break.
2023-12-18 10:21:04,150 - WARNING - <http://value.org/priority> does not look like a valid URI, trying to serialize this will break.
2023-12-18 10:21:04,156 - WARNING - <http://value.org/left_side> does not look like a valid URI, trying to serialize this will break.
2023-12-18 10:21:04,161 - WARNING - <http://value.org/right_side> does not look like a valid URI, trying to serialize this will break.
2023-12-18 10:21:04,161 - WARNING - <http://value.org/child> does not look like a valid URI, trying to serialize this will break.
2023-12-18 10:21:04,161 - WARNING - <http://value.org/priority> does not look like a valid URI, trying to serialize this will break.
2023-12-18 10:21:04,169 - WARNING - <http://value.org/pattern> does not look like a valid URI, trying to serialize this will break.
2023-12-18 10:21:04,169 - WARNING - <http://value.org/program> does not look like a valid URI, trying to serialize this will break.
2023-12-18 10:21:04,176 - WARNING - <http://value.org/use> does not look like a valid URI, trying to serialize this will break.
2023-12-18 10:21:04,176 - WARNING - <http://value.org/control> does not look like a valid URI, trying to serialize this will break.
2023-12-18 10:21:04,176 - WARNING - <http://value.org/priority> does not look like a valid URI, trying to serialize this will break.
2023-12-18 10:21:04,182 - WARNING - <http://value.org/left_side> does not look like a valid URI, trying to serialize this will break.
2023-12-18 10:21:04,187 - WARNING - <http://value.org/right_side> does not look like a valid URI, trying to serialize this will break.
2023-12-18 10:21:04,187 - WARNING - <http://value.org/child> does not look like a valid URI, trying to serialize this will break.
2023-12-18 10:21:04,187 - WARNING - <http://value.org/priority> does not look like a valid URI, trying to serialize this will break.
2023-12-18 10:21:04,196 - WARNING - <http://value.org/left_side> does not look like a valid URI, trying to serialize this will break.
2023-12-18 10:21:04,200 - WARNING - <http://value.org/right_side> does not look like a valid URI, trying to serialize this will break.
2023-12-18 10:21:04,200 - WARNING - <http://value.org/child> does not look like a valid URI, trying to serialize this will break.
2023-12-18 10:21:04,200 - WARNING - <http://value.org/priority> does not look like a valid URI, trying to serialize this will break.
2023-12-18 10:21:04,215 - WARNING - <http://value.org/pattern> does not look like a valid URI, trying to serialize this will break.
2023-12-18 10:21:04,215 - WARNING - <http://value.org/program> does not look like a valid URI, trying to serialize this will break.
2023-12-18 10:21:04,221 - WARNING - <http://value.org/use> does not look like a valid URI, trying to serialize this will break.
2023-12-18 10:21:04,221 - WARNING - <http://value.org/control> does not look like a valid URI, trying to serialize this will break.
2023-12-18 10:21:04,221 - WARNING - <http://value.org/priority> does not look like a valid URI, trying to serialize this will break.
2023-12-18 10:21:04,227 - WARNING - <http://value.org/left_side> does not look like a valid URI, trying to serialize this will break.
2023-12-18 10:21:04,232 - WARNING - <http://value.org/right_side> does not look like a valid URI, trying to serialize this will break.
2023-12-18 10:21:04,232 - WARNING - <http://value.org/child> does not look like a valid URI, trying to serialize this will break.
2023-12-18 10:21:04,232 - WARNING - <http://value.org/priority> does not look like a valid URI, trying to serialize this will break.
2023-12-18 10:21:04,238 - WARNING - <http://value.org/left_side> does not look like a valid URI, trying to serialize this will break.
2023-12-18 10:21:04,243 - WARNING - <http://value.org/right_side> does not look like a valid URI, trying to serialize this will break.
2023-12-18 10:21:04,243 - WARNING - <http://value.org/child> does not look like a valid URI, trying to serialize this will break.
2023-12-18 10:21:04,243 - WARNING - <http://value.org/priority> does not look like a valid URI, trying to serialize this will break.
2023-12-18 10:21:04,258 - DEBUG - $$$$$$$$$$ PREPARATION COMPLETED $$$$$$$$$$$$$$$$$$$$$$$$$$$$$$$$$$$$$$$$$$$$$$$$$$$$$$$$$$
2023-12-18 10:21:04,258 - DEBUG - 
2023-12-18 10:21:04,474 - DEBUG - answer_complex_question: RESOLVE SUCCEEDED
2023-12-18 10:21:04,475 - DEBUG - sparql_query: SELECT ?ans ?car ?cdr WHERE {      ?s1 <http://value.org/operation> <http://value.org/cons> .       ?s1 <http://value.org/variable_x> <http://value.org/six> .       ?s1 <http://value.org/variable_y> <http://value.org/nil> .       ?s1 <http://value.org/variable_z> ?list_15 .       ?s2 <http://value.org/operation> <http://value.org/list_divide> .       ?s2 <http://value.org/variable_x> ?list_15 .       ?s2 <http://value.org/variable_y> <http://value.org/list_two> .       ?s2 <http://value.org/variable_z> ?ans .       }
2023-12-18 10:21:04,475 - DEBUG - resolve_bindings: [{'?list_15': 'http://value.org/list_six', '?_cdr_sy1004': 'http://value.org/nil', '?_car_sy1004': 'http://value.org/two', '?_car_before1004': 'http://value.org/one', '?_u1004': 'http://value.org/list_one', '?_car_sx1005': 'http://value.org/one', '?_cdr_sx1005': 'http://value.org/nil', '?_u1003': 'http://value.org/list_one', '?_cdr_sy1007': 'http://value.org/nil', '?_car_sy1007': 'http://value.org/six', '?_car_before1007': 'http://value.org/five', '?_u1007': 'http://value.org/list_five', '?_car_sx1008': 'http://value.org/five', '?_cdr_sx1008': 'http://value.org/nil', '?_v1003': 'http://value.org/list_five', '?_cdr_sy1012': 'http://value.org/nil', '?_car_sy1012': 'http://value.org/five', '?_car_before1012': 'http://value.org/four', '?_u1012': 'http://value.org/list_four', '?_car_sx1013': 'http://value.org/four', '?_cdr_sx1013': 'http://value.org/nil', '?_u1001': 'http://value.org/list_four', '?_cdr_sy1018': 'http://value.org/nil', '?_car_sy1018': 'http://value.org/two', '?_car_before1018': 'http://value.org/one', '?_u1018': 'http://value.org/list_one', '?_car_sx1019': 'http://value.org/one', '?_cdr_sx1019': 'http://value.org/nil', '?_u1017': 'http://value.org/list_one', '?_cdr_sy1021': 'http://value.org/nil', '?_car_sy1021': 'http://value.org/four', '?_car_before1021': 'http://value.org/three', '?_u1021': 'http://value.org/list_three', '?_car_sx1022': 'http://value.org/three', '?_cdr_sx1022': 'http://value.org/nil', '?_v1017': 'http://value.org/list_three', '?_cdr_sy1026': 'http://value.org/nil', '?_car_sy1026': 'http://value.org/three', '?_car_before1026': 'http://value.org/two', '?_u1026': 'http://value.org/list_two', '?_car_sx1027': 'http://value.org/two', '?_cdr_sx1027': 'http://value.org/nil', '?_u1015': 'http://value.org/list_two', '?_v1015': 'http://value.org/list_one', '?_car_sx1031': 'http://value.org/one', '?_cdr_sx1031': 'http://value.org/nil', '?_car_next1031': 'http://value.org/two', '?_u1031': 'http://value.org/list_two', '?_car_sx1032': 'http://value.org/two', '?_cdr_sx1032': 'http://value.org/nil', '?_v1001': 'http://value.org/list_two', '?_car_sx1034': 'http://value.org/two', '?_cdr_sx1034': 'http://value.org/nil', '?_car_next1034': 'http://value.org/three', '?_u1034': 'http://value.org/list_three', '?_car_sx1035': 'http://value.org/three', '?_cdr_sx1035': 'http://value.org/nil', '?ans': 'http://value.org/list_three'}]
2023-12-18 10:21:04,475 - DEBUG - ?ans: http://value.org/list_three
2023-12-18 10:21:04,475 - DEBUG - ===================================================================================================
